750
0  2
999  6
998
997
996  8
995  10
994
993  12
992
991  15
990  18
989
988  20
987
986
985  26
984  27
983
982  30
981  31
980  32
979  36
978
977  37
976
975
974  40
973  44
972
971
970
969
968  46
967  47
966
965  49
964
963
962
961  51
960  52
959
958  53
957  54
956  55
955
954
953  57
952  58
951
950
949  59
948
947  61
946  64
945  65
944
943  66
942
941  67
940  68
939
938
937  69
936
935
934  71
933
932  72
931
930  76
929  79
928  80
927  82
926
925
924
923
922
921
920  84
919  85
918  86
917
916  88
915  91
914
913
912  93
911  94
910  95
909  96
908
907
906
905
904  97
903  99
902  101
901  102
900
899
898  104
897  105
896
895
894  108
893
892  114
891  115
890
889
888
887
886
885  116
884  117
883  118
882  119
881  123
880
879  124
878
877
876  126
875
874
873  128
872  129
871  130
870
869
868  131
867
866  133
865
864
863
862  134
861  137
860
859
858  138
857  143
856  144
855
854
853  146
852
851
850
849
848
847  147
846  150
845
844
843
842
841  151
840  152
839
838  153
837  155
836
835  156
834  157
833  158
832  160
831
830
829
828  161
827
826
825  162
824  163
823
822
821
820
819
818  165
817  168
816  169
815
814  171
813  172
812
811
810  173
809
808  175
807
806  180
805  182
804
803
802
801  183
800  185
799
798  188
797  190
796  191
795  195
794  198
793  199
792
791
790
789  200
788  204
787
786
785
784
783  206
782  207
781  214
780
779
778
777
776
775
774  215
773  218
772
771
770  221
769  223
768
767
766
765  224
764
763  226
762  227
761
760  231
759  234
758  236
757
756
755
754
753  237
752  238
751  242
750  243
749  244
748
747
746
745
744  246
743
742
741
740  248
739
738
737  249
736
735  250
734
733
732
731  252
730
729
728
727
726  253
725
724
723
722
721  256
720  257
719
718
717  259
716  262
715  263
714  264
713
712
711  266
710  269
709  270
708
707
706
705  271
704
703  273
702
701  280
700  285
699  288
698  289
697  290
696  291
695  295
694
693
692
691
690
689  297
688
687
686  304
685  306
684  307
683  310
682
681  318
680
679
678
677
676  321
675  322
674  324
673  327
672
671
670  330
669
668  331
667
666  335
665  336
664  337
663
662  338
661  339
660  341
659  343
658
657  344
656
655
654
653  345
652
651  350
650
649
648
647
646
645
644
643  353
642
641
640
639
638
637  355
636  359
635  363
634  365
633  366
632  368
631  371
630  372
629
628  373
627
626
625  375
624  376
623
622  382
621
620  383
619  384
618  385
617  386
616
615  388
614
613
612  390
611
610
609  392
608  394
607  395
606
605
604
603  398
602
601  399
600  401
599  402
598  403
597
596
595  405
594
593
592
591
590  407
589  408
588
587  409
586  410
585  413
584
583  414
582  415
581  417
580  418
579  419
578  422
577  424
576
575
574
573  426
572  427
571  428
570
569
568  432
567
566  434
565
564  437
563  438
562  443
561
560
559
558  444
557
556
555
554
553  445
552  447
551
550
549
548  449
547  452
546
545  454
544  455
543  458
542  459
541
540
539
538
537  461
536
535  464
534  465
533
532
531
530
529  466
528  469
527  470
526
525  471
524  474
523  475
522  476
521  478
520
519
518  481
517  482
516
515
514
513  484
512  487
511  490
510  492
509
508
507
506
505
504
503  494
502
501  495
500
499
498  496
497
493
491
489
488
486
485
483
480
479
477
473
472
468
467
463
462
460
457
456
453
451
450
448
446
442
441
440
439
436
435
433
431
430
429
425
423
421
420
416
412
411
406
404
400
397
396
393
391
389
387
381
380
379
378
377
374
370
369
367
364
362
361
360
358
357
356
354
352
351
349
348
347
346
342
340
334
333
332
329
328
326
325
323
320
319
317
316
315
314
313
312
311
309
308
305
303
302
301
300
299
298
296
294
293
292
287
286
284
283
282
281
279
278
277
276
275
274
272
268
267
265
261
260
258
255
254
251
247
245
241
240
239
235
233
232
230
229
228
225
222
220
219
217
216
213
212
211
210
209
208
205
203
202
201
197
196
194
193
192
189
187
186
184
181
179
178
177
176
174
170
167
166
164
159
154
149
148
145
142
141
140
139
136
135
132
127
125
122
121
120
113
112
111
110
109
107
106
103
100
98
92
90
89
87
83
81
78
77
75
74
73
70
63
62
60
56
50
48
45
43
42
41
39
38
35
34
33
29
28
25
24
23
22
21
19
17
16
14
13
11
9
7
5
4
3
1
